{
  "RSpec": {
    "coverage": {
      "/Users/wyodeb/Projects/wyodeb-blog/app/controllers/comments_controller.rb": {
        "lines": [
          1,
          1,
          1,
          1,
          1,
          1,
          null,
          1,
          2,
          2,
          null,
          2,
          1,
          null,
          1,
          null,
          null,
          null,
          1,
          3,
          null,
          1,
          1,
          null,
          null,
          2,
          2,
          null,
          null,
          null,
          1,
          null,
          1,
          9,
          9,
          null,
          null,
          1,
          5,
          null,
          null,
          1,
          3,
          null,
          null,
          1,
          5,
          2,
          null,
          null,
          null,
          1,
          2,
          null,
          null
        ]
      },
      "/Users/wyodeb/Projects/wyodeb-blog/app/controllers/application_controller.rb": {
        "lines": [
          1,
          null
        ]
      },
      "/Users/wyodeb/Projects/wyodeb-blog/app/controllers/concerns/authenticable.rb": {
        "lines": [
          1,
          1,
          null,
          1,
          2,
          null,
          null,
          1,
          null,
          1,
          21,
          21,
          18,
          18,
          0,
          0,
          null,
          null,
          null,
          null,
          null,
          1,
          0,
          null,
          0,
          null,
          null,
          0,
          null,
          null,
          null,
          1,
          29,
          null,
          null
        ]
      },
      "/Users/wyodeb/Projects/wyodeb-blog/app/controllers/otp_controller.rb": {
        "lines": [
          1,
          1,
          2,
          2,
          null,
          2,
          0,
          0,
          null,
          null,
          2,
          1,
          1,
          null,
          1,
          0,
          0,
          null,
          null,
          null,
          2,
          2,
          2,
          null,
          2,
          0,
          0,
          null,
          null,
          2,
          null,
          2,
          null,
          null,
          0,
          0,
          null,
          null,
          1,
          4,
          null,
          4,
          1,
          null,
          1,
          1,
          1,
          1,
          1,
          null,
          0,
          null,
          null,
          3,
          null,
          null,
          null,
          1,
          null,
          1,
          2,
          null,
          null
        ]
      },
      "/Users/wyodeb/Projects/wyodeb-blog/app/controllers/posts_controller.rb": {
        "lines": [
          1,
          1,
          1,
          1,
          null,
          null,
          1,
          2,
          1,
          null,
          1,
          null,
          null,
          2,
          null,
          null,
          null,
          null,
          null,
          null,
          null,
          null,
          null,
          null,
          null,
          null,
          1,
          2,
          2,
          1,
          1,
          1,
          null,
          0,
          null,
          null,
          null,
          null,
          null,
          null,
          null,
          1,
          2,
          null,
          2,
          1,
          2,
          null,
          null,
          1,
          null,
          null,
          2,
          null,
          2,
          2,
          null,
          0,
          null,
          null,
          null,
          null,
          1,
          1,
          1,
          null,
          0,
          null,
          null,
          null,
          null,
          1,
          1,
          1,
          null,
          null,
          1,
          null,
          1,
          7,
          null,
          null,
          1,
          3,
          null,
          null,
          1,
          7,
          null,
          null
        ]
      },
      "/Users/wyodeb/Projects/wyodeb-blog/app/controllers/sessions_controller.rb": {
        "lines": [
          null,
          1,
          1,
          null,
          1,
          2,
          2,
          1,
          1,
          1,
          null,
          1,
          null,
          1,
          null,
          null,
          null,
          1,
          2,
          2,
          null,
          2,
          1,
          1,
          null,
          1,
          null,
          null,
          null,
          null
        ]
      },
      "/Users/wyodeb/Projects/wyodeb-blog/app/models/token.rb": {
        "lines": [
          1,
          1,
          1,
          1,
          null,
          1,
          2,
          null,
          null
        ]
      },
      "/Users/wyodeb/Projects/wyodeb-blog/app/mailers/user_mailer.rb": {
        "lines": [
          1,
          1,
          0,
          null,
          null
        ]
      },
      "/Users/wyodeb/Projects/wyodeb-blog/app/mailers/application_mailer.rb": {
        "lines": [
          1,
          1,
          1,
          null
        ]
      },
      "/Users/wyodeb/Projects/wyodeb-blog/app/models/post.rb": {
        "lines": [
          1,
          1,
          1,
          1,
          1,
          1,
          1,
          1,
          null,
          1,
          null,
          1,
          34,
          null,
          null,
          1,
          35,
          35,
          null,
          null,
          1,
          35,
          35,
          35,
          2199,
          1836,
          841,
          null,
          995,
          995,
          null,
          null,
          363,
          null,
          null,
          35,
          null,
          null,
          1,
          35,
          35,
          null,
          null
        ]
      },
      "/Users/wyodeb/Projects/wyodeb-blog/app/models/comment.rb": {
        "lines": [
          1,
          1,
          1,
          1,
          1,
          1,
          null
        ]
      },
      "/Users/wyodeb/Projects/wyodeb-blog/app/models/category.rb": {
        "lines": [
          1,
          1,
          1,
          1,
          1,
          null,
          1,
          null,
          1,
          14,
          null,
          null,
          1,
          0,
          null,
          null
        ]
      },
      "/Users/wyodeb/Projects/wyodeb-blog/app/models/user.rb": {
        "lines": [
          0,
          0,
          null,
          null,
          0,
          0,
          0,
          null,
          null,
          0,
          null,
          0,
          null,
          0,
          0,
          0,
          0,
          0,
          null,
          0,
          0,
          0,
          null,
          null,
          0,
          0,
          0,
          0,
          0,
          0,
          null,
          0,
          0,
          0,
          null,
          0,
          0,
          0,
          0,
          null,
          0,
          0,
          0,
          0
        ],
        "branches": {
        }
      },
      "/Users/wyodeb/Projects/wyodeb-blog/app/services/sendgrid_email_sender.rb": {
        "lines": [
          0,
          0,
          0,
          null,
          0,
          0,
          0,
          0,
          0,
          0,
          0,
          null,
          0,
          0,
          0,
          0,
          null,
          0,
          0,
          0,
          0,
          0,
          0,
          0,
          0,
          0,
          0,
          0,
          0,
          0,
          0,
          0,
          0,
          0,
          0,
          null,
          0,
          null,
          0,
          0,
          0,
          null,
          0,
          null,
          0,
          0,
          0,
          0,
          0,
          0,
          0,
          0
        ],
        "branches": {
        }
      }
    },
    "timestamp": 1726254463
  }
}
